# JRE version: OpenJDK Runtime Environment Corretto-17.0.10.7.1 (17.0.10+7) (build 17.0.10+7-LTS)
# Java VM: OpenJDK 64-Bit Server VM Corretto-17.0.10.7.1 (17.0.10+7-LTS, mixed mode, sharing, tiered, compressed oops, compressed class ptrs, g1 gc, windows-amd64)
GC Precious Log:
 CPUs: 20 total, 20 available
 Memory: 16005M
 Large Page Support: Disabled
 NUMA Support: Disabled
 Compressed Oops: Enabled (Zero based)
 Heap Region Size: 2M
 Heap Min Capacity: 8M
 Heap Initial Capacity: 252M
 Heap Max Capacity: 4G
 Pre-touch: Disabled
 Parallel Workers: 15
 Concurrent Workers: 4
 Concurrent Refinement Workers: 15
 Periodic GC: Disabled
Heap:
 garbage-first heap   total 217088K, used 137456K [0x0000000700000000, 0x0000000800000000)
  region size 2048K, 22 young (45056K), 3 survivors (6144K)
 Metaspace       used 63048K, committed 63616K, reserved 1114112K
  class space    used 8821K, committed 9088K, reserved 1048576K
GC Heap History (20 events):
Event: 4.392 GC heap before
{Heap before GC invocations=14 (full 0):
 garbage-first heap   total 102400K, used 80415K [0x0000000700000000, 0x0000000800000000)
  region size 2048K, 21 young (43008K), 2 survivors (4096K)
 Metaspace       used 52513K, committed 53056K, reserved 1114112K
  class space    used 7516K, committed 7808K, reserved 1048576K
}
Event: 4.395 GC heap after
{Heap after GC invocations=15 (full 0):
 garbage-first heap   total 102400K, used 43616K [0x0000000700000000, 0x0000000800000000)
  region size 2048K, 3 young (6144K), 3 survivors (6144K)
 Metaspace       used 52513K, committed 53056K, reserved 1114112K
  class space    used 7516K, committed 7808K, reserved 1048576K
}
Event: 4.448 GC heap before
{Heap before GC invocations=15 (full 0):
 garbage-first heap   total 102400K, used 84576K [0x0000000700000000, 0x0000000800000000)
  region size 2048K, 21 young (43008K), 3 survivors (6144K)
 Metaspace       used 52580K, committed 53120K, reserved 1114112K
  class space    used 7525K, committed 7808K, reserved 1048576K
}
Event: 4.453 GC heap after
{Heap after GC invocations=16 (full 0):
 garbage-first heap   total 106496K, used 61779K [0x0000000700000000, 0x0000000800000000)
  region size 2048K, 3 young (6144K), 3 survivors (6144K)
 Metaspace       used 52580K, committed 53120K, reserved 1114112K
  class space    used 7525K, committed 7808K, reserved 1048576K
}
Event: 4.477 GC heap before
{Heap before GC invocations=16 (full 0):
 garbage-first heap   total 106496K, used 80211K [0x0000000700000000, 0x0000000800000000)
  region size 2048K, 12 young (24576K), 3 survivors (6144K)
 Metaspace       used 52582K, committed 53120K, reserved 1114112K
  class space    used 7525K, committed 7808K, reserved 1048576K
}
Event: 4.481 GC heap after
{Heap after GC invocations=17 (full 0):
 garbage-first heap   total 174080K, used 69247K [0x0000000700000000, 0x0000000800000000)
  region size 2048K, 2 young (4096K), 2 survivors (4096K)
 Metaspace       used 52582K, committed 53120K, reserved 1114112K
  class space    used 7525K, committed 7808K, reserved 1048576K
}
Event: 4.694 GC heap before
{Heap before GC invocations=18 (full 0):
 garbage-first heap   total 174080K, used 118399K [0x0000000700000000, 0x0000000800000000)
  region size 2048K, 27 young (55296K), 2 survivors (4096K)
 Metaspace       used 52666K, committed 53184K, reserved 1114112K
  class space    used 7541K, committed 7808K, reserved 1048576K
}
Event: 4.702 GC heap after
{Heap after GC invocations=19 (full 0):
 garbage-first heap   total 174080K, used 89890K [0x0000000700000000, 0x0000000800000000)
  region size 2048K, 4 young (8192K), 4 survivors (8192K)
 Metaspace       used 52666K, committed 53184K, reserved 1114112K
  class space    used 7541K, committed 7808K, reserved 1048576K
}
Event: 4.848 GC heap before
{Heap before GC invocations=19 (full 0):
 garbage-first heap   total 174080K, used 100130K [0x0000000700000000, 0x0000000800000000)
  region size 2048K, 10 young (20480K), 4 survivors (8192K)
 Metaspace       used 54361K, committed 54848K, reserved 1114112K
  class space    used 7777K, committed 8000K, reserved 1048576K
}
Event: 4.856 GC heap after
{Heap after GC invocations=20 (full 0):
 garbage-first heap   total 174080K, used 94506K [0x0000000700000000, 0x0000000800000000)
  region size 2048K, 2 young (4096K), 2 survivors (4096K)
 Metaspace       used 54361K, committed 54848K, reserved 1114112K
  class space    used 7777K, committed 8000K, reserved 1048576K
}
Event: 5.034 GC heap before
{Heap before GC invocations=21 (full 0):
 garbage-first heap   total 174080K, used 104746K [0x0000000700000000, 0x0000000800000000)
  region size 2048K, 7 young (14336K), 2 survivors (4096K)
 Metaspace       used 58722K, committed 59200K, reserved 1114112K
  class space    used 8342K, committed 8576K, reserved 1048576K
}
Event: 5.038 GC heap after
{Heap after GC invocations=22 (full 0):
 garbage-first heap   total 174080K, used 89457K [0x0000000700000000, 0x0000000800000000)
  region size 2048K, 1 young (2048K), 1 survivors (2048K)
 Metaspace       used 58722K, committed 59200K, reserved 1114112K
  class space    used 8342K, committed 8576K, reserved 1048576K
}
Event: 5.203 GC heap before
{Heap before GC invocations=23 (full 0):
 garbage-first heap   total 174080K, used 138609K [0x0000000700000000, 0x0000000800000000)
  region size 2048K, 18 young (36864K), 1 survivors (2048K)
 Metaspace       used 59453K, committed 59968K, reserved 1114112K
  class space    used 8402K, committed 8640K, reserved 1048576K
}
Event: 5.207 GC heap after
{Heap after GC invocations=24 (full 0):
 garbage-first heap   total 174080K, used 118091K [0x0000000700000000, 0x0000000800000000)
  region size 2048K, 3 young (6144K), 3 survivors (6144K)
 Metaspace       used 59453K, committed 59968K, reserved 1114112K
  class space    used 8402K, committed 8640K, reserved 1048576K
}
Event: 5.210 GC heap before
{Heap before GC invocations=24 (full 0):
 garbage-first heap   total 174080K, used 120139K [0x0000000700000000, 0x0000000800000000)
  region size 2048K, 4 young (8192K), 3 survivors (6144K)
 Metaspace       used 59453K, committed 59968K, reserved 1114112K
  class space    used 8402K, committed 8640K, reserved 1048576K
}
Event: 5.217 GC heap after
{Heap after GC invocations=25 (full 0):
 garbage-first heap   total 217088K, used 109959K [0x0000000700000000, 0x0000000800000000)
  region size 2048K, 1 young (2048K), 1 survivors (2048K)
 Metaspace       used 59453K, committed 59968K, reserved 1114112K
  class space    used 8402K, committed 8640K, reserved 1048576K
}
Event: 5.234 GC heap before
{Heap before GC invocations=25 (full 0):
 garbage-first heap   total 217088K, used 118151K [0x0000000700000000, 0x0000000800000000)
  region size 2048K, 5 young (10240K), 1 survivors (2048K)
 Metaspace       used 59453K, committed 59968K, reserved 1114112K
  class space    used 8402K, committed 8640K, reserved 1048576K
}
Event: 5.238 GC heap after
{Heap after GC invocations=26 (full 0):
 garbage-first heap   total 217088K, used 106407K [0x0000000700000000, 0x0000000800000000)
  region size 2048K, 1 young (2048K), 1 survivors (2048K)
 Metaspace       used 59453K, committed 59968K, reserved 1114112K
  class space    used 8402K, committed 8640K, reserved 1048576K
}
Event: 5.677 GC heap before
{Heap before GC invocations=26 (full 0):
 garbage-first heap   total 217088K, used 149415K [0x0000000700000000, 0x0000000800000000)
  region size 2048K, 23 young (47104K), 1 survivors (2048K)
 Metaspace       used 61654K, committed 62208K, reserved 1114112K
  class space    used 8642K, committed 8896K, reserved 1048576K
}
Event: 5.680 GC heap after
{Heap after GC invocations=27 (full 0):
 garbage-first heap   total 217088K, used 102640K [0x0000000700000000, 0x0000000800000000)
  region size 2048K, 3 young (6144K), 3 survivors (6144K)
 Metaspace       used 61654K, committed 62208K, reserved 1114112K
  class space    used 8642K, committed 8896K, reserved 1048576K
}

